[01m[K/home/francesco/Desktop/RP_project/src/project_localizer/src/main_node.cpp:[m[K In function ‘[01m[Kvoid mapCallBack(const OccupancyGrid&)[m[K’:
[01m[K/home/francesco/Desktop/RP_project/src/project_localizer/src/main_node.cpp:50:52:[m[K [01;31m[Kerror: [m[K‘[01m[Krange[m[K’ was not declared in this scope
   50 |             obstacles.push_back(Vector2f::Random()*[01;31m[Krange[m[K);
      |                                                    [01;31m[K^~~~~[m[K
[01m[K/home/francesco/Desktop/RP_project/src/project_localizer/src/main_node.cpp:50:52:[m[K [01;36m[Knote: [m[Ksuggested alternatives:
In file included from [01m[K/usr/include/boost/range/iterator_range_core.hpp:42[m[K,
                 from [01m[K/usr/include/boost/lexical_cast.hpp:30[m[K,
                 from [01m[K/opt/ros/noetic/include/ros/transport_hints.h:34[m[K,
                 from [01m[K/opt/ros/noetic/include/ros/subscribe_options.h:33[m[K,
                 from [01m[K/opt/ros/noetic/include/ros/node_handle.h:42[m[K,
                 from [01m[K/opt/ros/noetic/include/ros/ros.h:45[m[K,
                 from [01m[K/home/francesco/Desktop/RP_project/src/project_localizer/src/main_node.cpp:1[m[K:
[01m[K/usr/include/boost/range/algorithm/equal.hpp:161:15:[m[K [01;36m[Knote: [m[K  ‘[01m[Kboost::range[m[K’
  161 |     namespace [01;36m[Krange[m[K
      |               [01;36m[K^~~~~[m[K
In file included from [01m[K/usr/include/boost/range/detail/implementation_help.hpp:15[m[K,
                 from [01m[K/usr/include/boost/range/end.hpp:24[m[K,
                 from [01m[K/usr/include/boost/range/functions.hpp:19[m[K,
                 from [01m[K/usr/include/boost/range/iterator_range_core.hpp:38[m[K,
                 from [01m[K/usr/include/boost/lexical_cast.hpp:30[m[K,
                 from [01m[K/opt/ros/noetic/include/ros/transport_hints.h:34[m[K,
                 from [01m[K/opt/ros/noetic/include/ros/subscribe_options.h:33[m[K,
                 from [01m[K/opt/ros/noetic/include/ros/node_handle.h:42[m[K,
                 from [01m[K/opt/ros/noetic/include/ros/ros.h:45[m[K,
                 from [01m[K/home/francesco/Desktop/RP_project/src/project_localizer/src/main_node.cpp:1[m[K:
[01m[K/usr/include/boost/range/detail/common.hpp:78:15:[m[K [01;36m[Knote: [m[K  ‘[01m[Kboost::range_detail::range[m[K’
   78 |         class [01;36m[Krange[m[K
      |               [01;36m[K^~~~~[m[K
make[2]: *** [CMakeFiles/main_node.dir/build.make:63: CMakeFiles/main_node.dir/src/main_node.cpp.o] Error 1
make[1]: *** [CMakeFiles/Makefile2:451: CMakeFiles/main_node.dir/all] Error 2
make: *** [Makefile:141: all] Error 2
