[01m[K/home/francesco/Desktop/RP_project/src/project_localizer/src/main_node.cpp:[m[K In function ‘[01m[Kvoid mapCallBack(const OccupancyGrid&)[m[K’:
[01m[K/home/francesco/Desktop/RP_project/src/project_localizer/src/main_node.cpp:62:44:[m[K [01;31m[Kerror: [m[Kno matching function for call to ‘[01m[KDMapLocalizer::setMap(GridMap&, std::vector<Eigen::Matrix<float, 2, 1> >&)[m[K’
   62 |         localizer.setMap(grid_map,obstacles[01;31m[K)[m[K;
      |                                            [01;31m[K^[m[K
In file included from [01m[K/home/francesco/Desktop/RP_project/src/project_localizer/src/main_node.cpp:13[m[K:
[01m[K/home/francesco/Desktop/RP_project/src/project_localizer/src/rp_stuff/dmap_localizer.h:24:8:[m[K [01;36m[Knote: [m[Kcandidate: ‘[01m[Kvoid DMapLocalizer::setMap(std::vector<Eigen::Matrix<float, 2, 1> >, float, float)[m[K’
   24 |   void [01;36m[KsetMap[m[K(const std::vector<Eigen::Vector2f> obstacles,
      |        [01;36m[K^~~~~~[m[K
[01m[K/home/francesco/Desktop/RP_project/src/project_localizer/src/rp_stuff/dmap_localizer.h:24:8:[m[K [01;36m[Knote: [m[K  candidate expects 3 arguments, 2 provided
[01m[K/home/francesco/Desktop/RP_project/src/project_localizer/src/rp_stuff/dmap_localizer.h:28:8:[m[K [01;36m[Knote: [m[Kcandidate: ‘[01m[Kvoid DMapLocalizer::setMap(const GridMapping&, const Grid_<float>&)[m[K’
   28 |   void [01;36m[KsetMap[m[K(const GridMapping& mapping,
      |        [01;36m[K^~~~~~[m[K
[01m[K/home/francesco/Desktop/RP_project/src/project_localizer/src/rp_stuff/dmap_localizer.h:29:35:[m[K [01;36m[Knote: [m[K  no known conversion for argument 2 from ‘[01m[Kstd::vector<Eigen::Matrix<float, 2, 1> >[m[K’ to ‘[01m[Kconst Grid_<float>&[m[K’
   29 |               [01;36m[Kconst Grid_<float>& distances_[m[K);
      |               [01;36m[K~~~~~~~~~~~~~~~~~~~~^~~~~~~~~~[m[K
[01m[K/home/francesco/Desktop/RP_project/src/project_localizer/src/rp_stuff/dmap_localizer.h:32:8:[m[K [01;36m[Knote: [m[Kcandidate: ‘[01m[Kvoid DMapLocalizer::setMap(const GridMap&, float, uint8_t)[m[K’
   32 |   void [01;36m[KsetMap[m[K(const GridMap& grid_map,
      |        [01;36m[K^~~~~~[m[K
[01m[K/home/francesco/Desktop/RP_project/src/project_localizer/src/rp_stuff/dmap_localizer.h:33:21:[m[K [01;36m[Knote: [m[K  no known conversion for argument 2 from ‘[01m[Kstd::vector<Eigen::Matrix<float, 2, 1> >[m[K’ to ‘[01m[Kfloat[m[K’
   33 |               [01;36m[Kfloat influence_range=2[m[K,
      |               [01;36m[K~~~~~~^~~~~~~~~~~~~~~~~[m[K
[01m[K/home/francesco/Desktop/RP_project/src/project_localizer/src/main_node.cpp:68:44:[m[K [01;31m[Kerror: [m[K‘[01m[Kconst struct Grid_<float>[m[K’ has no member named ‘[01m[Ksize[m[K’; did you mean ‘[01m[Kresize[m[K’?
   68 |         std::cerr << "size =" << distances.[01;31m[Ksize[m[K();
      |                                            [01;31m[K^~~~[m[K
      |                                            [32m[Kresize[m[K
make[2]: *** [CMakeFiles/main_node.dir/build.make:63: CMakeFiles/main_node.dir/src/main_node.cpp.o] Error 1
make[1]: *** [CMakeFiles/Makefile2:451: CMakeFiles/main_node.dir/all] Error 2
make: *** [Makefile:141: all] Error 2
