[01m[K/home/francesco/Desktop/RP_project/src/project_localizer/src/main_node.cpp:18:9:[m[K [01;31m[Kerror: [m[Kno matching function for call to ‘[01m[KGridMap::GridMap()[m[K’
   18 | GridMap [01;31m[Kgrid_map[m[K;
      |         [01;31m[K^~~~~~~~[m[K
In file included from [01m[K/home/francesco/Desktop/RP_project/src/project_localizer/src/main_node.cpp:12[m[K:
[01m[K/home/francesco/Desktop/RP_project/src/project_localizer/src/rp_stuff/grid_map.h:53:3:[m[K [01;36m[Knote: [m[Kcandidate: ‘[01m[KGridMap::GridMap(float, int, int)[m[K’
   53 |   [01;36m[KGridMap[m[K(float resolution, int rows=0, int cols=0);
      |   [01;36m[K^~~~~~~[m[K
[01m[K/home/francesco/Desktop/RP_project/src/project_localizer/src/rp_stuff/grid_map.h:53:3:[m[K [01;36m[Knote: [m[K  candidate expects 3 arguments, 0 provided
[01m[K/home/francesco/Desktop/RP_project/src/project_localizer/src/rp_stuff/grid_map.h:43:8:[m[K [01;36m[Knote: [m[Kcandidate: ‘[01m[KGridMap::GridMap(const GridMap&)[m[K’
   43 | struct [01;36m[KGridMap[m[K: public Grid_<int8_t>, public GridMapping{
      |        [01;36m[K^~~~~~~[m[K
[01m[K/home/francesco/Desktop/RP_project/src/project_localizer/src/rp_stuff/grid_map.h:43:8:[m[K [01;36m[Knote: [m[K  candidate expects 1 argument, 0 provided
[01m[K/home/francesco/Desktop/RP_project/src/project_localizer/src/rp_stuff/grid_map.h:43:8:[m[K [01;36m[Knote: [m[Kcandidate: ‘[01m[KGridMap::GridMap(GridMap&&)[m[K’
[01m[K/home/francesco/Desktop/RP_project/src/project_localizer/src/rp_stuff/grid_map.h:43:8:[m[K [01;36m[Knote: [m[K  candidate expects 1 argument, 0 provided
[01m[K/home/francesco/Desktop/RP_project/src/project_localizer/src/main_node.cpp:[m[K In function ‘[01m[Kvoid mapCallBack(const OccupancyGrid&)[m[K’:
[01m[K/home/francesco/Desktop/RP_project/src/project_localizer/src/main_node.cpp:36:41:[m[K [01;31m[Kerror: [m[Kno match for call to ‘[01m[K(GridMap) (float&, uint32_t&, uint32_t&)[m[K’
   36 |         grid_map(resolution,height,width[01;31m[K)[m[K;
      |                                         [01;31m[K^[m[K
In file included from [01m[K/home/francesco/Desktop/RP_project/src/project_localizer/src/rp_stuff/dmap.h:2[m[K,
                 from [01m[K/home/francesco/Desktop/RP_project/src/project_localizer/src/main_node.cpp:11[m[K:
[01m[K/home/francesco/Desktop/RP_project/src/project_localizer/src/rp_stuff/grid.h:28:20:[m[K [01;36m[Knote: [m[Kcandidate: ‘[01m[KGrid_<CellType_>::CellType& Grid_<CellType_>::operator()(int, int) [with CellType_ = signed char; Grid_<CellType_>::CellType = signed char][m[K’
   28 |   inline CellType& [01;36m[Koperator[m[K()(int r, int c) {
      |                    [01;36m[K^~~~~~~~[m[K
[01m[K/home/francesco/Desktop/RP_project/src/project_localizer/src/rp_stuff/grid.h:28:20:[m[K [01;36m[Knote: [m[K  candidate expects 2 arguments, 3 provided
[01m[K/home/francesco/Desktop/RP_project/src/project_localizer/src/rp_stuff/grid.h:32:26:[m[K [01;36m[Knote: [m[Kcandidate: ‘[01m[Kconst CellType& Grid_<CellType_>::operator()(int, int) const [with CellType_ = signed char; Grid_<CellType_>::CellType = signed char][m[K’
   32 |   inline const CellType& [01;36m[Koperator[m[K()(int r, int c) const {
      |                          [01;36m[K^~~~~~~~[m[K
[01m[K/home/francesco/Desktop/RP_project/src/project_localizer/src/rp_stuff/grid.h:32:26:[m[K [01;36m[Knote: [m[K  candidate expects 2 arguments, 3 provided
[01m[K/home/francesco/Desktop/RP_project/src/project_localizer/src/rp_stuff/grid.h:48:20:[m[K [01;36m[Knote: [m[Kcandidate: ‘[01m[KGrid_<CellType_>::CellType& Grid_<CellType_>::operator()(const Vector2i&) [with CellType_ = signed char; Grid_<CellType_>::CellType = signed char; Vector2i = Eigen::Matrix<int, 2, 1>][m[K’
   48 |   inline CellType& [01;36m[Koperator[m[K()(const Vector2i& coordinates) {
      |                    [01;36m[K^~~~~~~~[m[K
[01m[K/home/francesco/Desktop/RP_project/src/project_localizer/src/rp_stuff/grid.h:48:20:[m[K [01;36m[Knote: [m[K  candidate expects 1 argument, 3 provided
[01m[K/home/francesco/Desktop/RP_project/src/project_localizer/src/rp_stuff/grid.h:52:26:[m[K [01;36m[Knote: [m[Kcandidate: ‘[01m[Kconst CellType& Grid_<CellType_>::operator()(const Vector2i&) const [with CellType_ = signed char; Grid_<CellType_>::CellType = signed char; Vector2i = Eigen::Matrix<int, 2, 1>][m[K’
   52 |   inline const CellType& [01;36m[Koperator[m[K()(const Vector2i& coordinates) const {
      |                          [01;36m[K^~~~~~~~[m[K
[01m[K/home/francesco/Desktop/RP_project/src/project_localizer/src/rp_stuff/grid.h:52:26:[m[K [01;36m[Knote: [m[K  candidate expects 1 argument, 3 provided
[01m[K/home/francesco/Desktop/RP_project/src/project_localizer/src/rp_stuff/grid.h:69:25:[m[K [01;36m[Knote: [m[Kcandidate: ‘[01m[Kconst CellType Grid_<CellType_>::operator()(const Vector2f&) const [with CellType_ = signed char; Grid_<CellType_>::CellType = signed char; Vector2f = Eigen::Matrix<float, 2, 1>][m[K’
   69 |   inline const CellType [01;36m[Koperator[m[K()(const Vector2f& coordinates) const {
      |                         [01;36m[K^~~~~~~~[m[K
[01m[K/home/francesco/Desktop/RP_project/src/project_localizer/src/rp_stuff/grid.h:69:25:[m[K [01;36m[Knote: [m[K  candidate expects 1 argument, 3 provided
make[2]: *** [CMakeFiles/main_node.dir/build.make:63: CMakeFiles/main_node.dir/src/main_node.cpp.o] Error 1
make[1]: *** [CMakeFiles/Makefile2:451: CMakeFiles/main_node.dir/all] Error 2
make: *** [Makefile:141: all] Error 2
