[01m[K/home/francesco/Desktop/RP_project/src/project_localizer/src/rp_stuff/grid_main.cpp:[m[K In function ‘[01m[Kint main()[m[K’:
[01m[K/home/francesco/Desktop/RP_project/src/project_localizer/src/rp_stuff/grid_main.cpp:21:33:[m[K [01;35m[Kwarning: [m[KISO C++ says that these are ambiguous, even though the worst conversion for the first is better than the worst conversion for the second:
   21 |       cout << grid(Vector2f(c,r)[01;35m[K)[m[K << " ";
      |                                 [01;35m[K^[m[K
In file included from [01m[K/home/francesco/Desktop/RP_project/src/project_localizer/src/rp_stuff/grid_main.cpp:1[m[K:
[01m[K/home/francesco/Desktop/RP_project/src/project_localizer/src/rp_stuff/grid.h:69:25:[m[K [01;36m[Knote: [m[Kcandidate 1: ‘[01m[Kconst CellType Grid_<CellType_>::operator()(const Vector2f&) const [with CellType_ = float; Grid_<CellType_>::CellType = float; Vector2f = Eigen::Matrix<float, 2, 1>][m[K’
   69 |   inline const CellType [01;36m[Koperator[m[K()(const Vector2f& coordinates) const {
      |                         [01;36m[K^~~~~~~~[m[K
[01m[K/home/francesco/Desktop/RP_project/src/project_localizer/src/rp_stuff/grid.h:48:20:[m[K [01;36m[Knote: [m[Kcandidate 2: ‘[01m[KGrid_<CellType_>::CellType& Grid_<CellType_>::operator()(const Vector2i&) [with CellType_ = float; Grid_<CellType_>::CellType = float; Vector2i = Eigen::Matrix<int, 2, 1>][m[K’
   48 |   inline CellType& [01;36m[Koperator[m[K()(const Vector2i& coordinates) {
      |                    [01;36m[K^~~~~~~~[m[K
[01m[K/home/francesco/Desktop/RP_project/src/project_localizer/src/rp_stuff/grid_main.cpp:21:33:[m[K [01;35m[Kwarning: [m[KISO C++ says that these are ambiguous, even though the worst conversion for the first is better than the worst conversion for the second:
   21 |       cout << grid(Vector2f(c,r)[01;35m[K)[m[K << " ";
      |                                 [01;35m[K^[m[K
In file included from [01m[K/home/francesco/Desktop/RP_project/src/project_localizer/src/rp_stuff/grid_main.cpp:1[m[K:
[01m[K/home/francesco/Desktop/RP_project/src/project_localizer/src/rp_stuff/grid.h:69:25:[m[K [01;36m[Knote: [m[Kcandidate 1: ‘[01m[Kconst CellType Grid_<CellType_>::operator()(const Vector2f&) const [with CellType_ = float; Grid_<CellType_>::CellType = float; Vector2f = Eigen::Matrix<float, 2, 1>][m[K’
   69 |   inline const CellType [01;36m[Koperator[m[K()(const Vector2f& coordinates) const {
      |                         [01;36m[K^~~~~~~~[m[K
[01m[K/home/francesco/Desktop/RP_project/src/project_localizer/src/rp_stuff/grid.h:48:20:[m[K [01;36m[Knote: [m[Kcandidate 2: ‘[01m[KGrid_<CellType_>::CellType& Grid_<CellType_>::operator()(const Vector2i&) [with CellType_ = float; Grid_<CellType_>::CellType = float; Vector2i = Eigen::Matrix<int, 2, 1>][m[K’
   48 |   inline CellType& [01;36m[Koperator[m[K()(const Vector2i& coordinates) {
      |                    [01;36m[K^~~~~~~~[m[K
[01m[K/home/francesco/Desktop/RP_project/src/project_localizer/src/publisher_node.cpp:[m[K In function ‘[01m[Kint main(int, char**)[m[K’:
[01m[K/home/francesco/Desktop/RP_project/src/project_localizer/src/publisher_node.cpp:9:13:[m[K [01;31m[Kerror: [m[Kno matching function for call to ‘[01m[KGridMap::GridMap()[m[K’
    9 |     GridMap [01;31m[Kgrid_map[m[K;
      |             [01;31m[K^~~~~~~~[m[K
In file included from [01m[K/home/francesco/Desktop/RP_project/src/project_localizer/src/publisher_node.cpp:3[m[K:
[01m[K/home/francesco/Desktop/RP_project/src/project_localizer/src/rp_stuff/grid_map.h:53:3:[m[K [01;36m[Knote: [m[Kcandidate: ‘[01m[KGridMap::GridMap(float, int, int)[m[K’
   53 |   [01;36m[KGridMap[m[K(float resolution, int rows=0, int cols=0);
      |   [01;36m[K^~~~~~~[m[K
[01m[K/home/francesco/Desktop/RP_project/src/project_localizer/src/rp_stuff/grid_map.h:53:3:[m[K [01;36m[Knote: [m[K  candidate expects 3 arguments, 0 provided
[01m[K/home/francesco/Desktop/RP_project/src/project_localizer/src/rp_stuff/grid_map.h:43:8:[m[K [01;36m[Knote: [m[Kcandidate: ‘[01m[KGridMap::GridMap(const GridMap&)[m[K’
   43 | struct [01;36m[KGridMap[m[K: public Grid_<uint8_t>, public GridMapping{
      |        [01;36m[K^~~~~~~[m[K
[01m[K/home/francesco/Desktop/RP_project/src/project_localizer/src/rp_stuff/grid_map.h:43:8:[m[K [01;36m[Knote: [m[K  candidate expects 1 argument, 0 provided
[01m[K/home/francesco/Desktop/RP_project/src/project_localizer/src/rp_stuff/grid_map.h:43:8:[m[K [01;36m[Knote: [m[Kcandidate: ‘[01m[KGridMap::GridMap(GridMap&&)[m[K’
[01m[K/home/francesco/Desktop/RP_project/src/project_localizer/src/rp_stuff/grid_map.h:43:8:[m[K [01;36m[Knote: [m[K  candidate expects 1 argument, 0 provided
make[2]: *** [CMakeFiles/publisher_node.dir/build.make:63: CMakeFiles/publisher_node.dir/src/publisher_node.cpp.o] Error 1
make[1]: *** [CMakeFiles/Makefile2:323: CMakeFiles/publisher_node.dir/all] Error 2
make[1]: *** Waiting for unfinished jobs....
make: *** [Makefile:141: all] Error 2
