[ 36%] Built target rp_library
[35m[1mScanning dependencies of target main_node[0m
[ 72%] Built target grid_main
[ 72%] Built target dmap_test_in_class
[ 72%] Built target dmap_localizer_test
[ 72%] Built target test_grid_map
[ 81%] Built target rp_simulator
[ 90%] Built target dmap_grid_localizer_test
[ 95%] [32mBuilding CXX object CMakeFiles/main_node.dir/src/main_node.cpp.o[0m
[01m[K/home/francesco/Desktop/RP_project/src/project_localizer/src/main_node.cpp:[m[K In function ‘[01m[Kvoid mapCallBack(const OccupancyGrid&)[m[K’:
[01m[K/home/francesco/Desktop/RP_project/src/project_localizer/src/main_node.cpp:36:57:[m[K [01;31m[Kerror: [m[Kpassing ‘[01m[Kconst std::vector<Eigen::Matrix<int, 2, 1> >[m[K’ as ‘[01m[Kthis[m[K’ argument discards qualifiers [[01;31m[K-fpermissive[m[K]
   36 |                 obstacles.push_back(grid_map.ptr2idx(&o)[01;31m[K)[m[K;
      |                                                         [01;31m[K^[m[K
In file included from [01m[K/usr/include/c++/9/vector:67[m[K,
                 from [01m[K/usr/include/boost/math/special_functions/math_fwd.hpp:26[m[K,
                 from [01m[K/usr/include/boost/math/special_functions/round.hpp:15[m[K,
                 from [01m[K/opt/ros/noetic/include/ros/time.h:58[m[K,
                 from [01m[K/opt/ros/noetic/include/ros/ros.h:38[m[K,
                 from [01m[K/home/francesco/Desktop/RP_project/src/project_localizer/src/main_node.cpp:1[m[K:
[01m[K/usr/include/c++/9/bits/stl_vector.h:1184:7:[m[K [01;36m[Knote: [m[K  in call to ‘[01m[Kvoid std::vector<_Tp, _Alloc>::push_back(const value_type&) [with _Tp = Eigen::Matrix<int, 2, 1>; _Alloc = std::allocator<Eigen::Matrix<int, 2, 1> >; std::vector<_Tp, _Alloc>::value_type = Eigen::Matrix<int, 2, 1>][m[K’
 1184 |       [01;36m[Kpush_back[m[K(const value_type& __x)
      |       [01;36m[K^~~~~~~~~[m[K
[01m[K/home/francesco/Desktop/RP_project/src/project_localizer/src/main_node.cpp:48:51:[m[K [01;31m[Kerror: [m[Kno matching function for call to ‘[01m[KDMapLocalizer::setMap(const std::vector<Eigen::Matrix<int, 2, 1> >&, const float&, float&)[m[K’
   48 |         localizer.setMap(obstacles,resolution,dmax[01;31m[K)[m[K;
      |                                                   [01;31m[K^[m[K
In file included from [01m[K/home/francesco/Desktop/RP_project/src/project_localizer/src/main_node.cpp:10[m[K:
[01m[K/home/francesco/Desktop/RP_project/src/project_localizer/src/rp_stuff/dmap_localizer.h:24:8:[m[K [01;36m[Knote: [m[Kcandidate: ‘[01m[Kvoid DMapLocalizer::setMap(std::vector<Eigen::Matrix<float, 2, 1> >, float, float)[m[K’
   24 |   void [01;36m[KsetMap[m[K(const std::vector<Eigen::Vector2f> obstacles,
      |        [01;36m[K^~~~~~[m[K
[01m[K/home/francesco/Desktop/RP_project/src/project_localizer/src/rp_stuff/dmap_localizer.h:24:50:[m[K [01;36m[Knote: [m[K  no known conversion for argument 1 from ‘[01m[Kvector<Matrix<[01;32m[Kint[m[K,[...],[...]>>[m[K’ to ‘[01m[Kvector<Matrix<[01;32m[Kfloat[m[K,[...],[...]>>[m[K’
   24 |   void setMap([01;36m[Kconst std::vector<Eigen::Vector2f> obstacles[m[K,
      |               [01;36m[K~~~~~~~~~~~~~~~~~~~~~~~~~~~~~~~~~~~^~~~~~~~~[m[K
[01m[K/home/francesco/Desktop/RP_project/src/project_localizer/src/rp_stuff/dmap_localizer.h:28:8:[m[K [01;36m[Knote: [m[Kcandidate: ‘[01m[Kvoid DMapLocalizer::setMap(const GridMapping&, const Grid_<float>&)[m[K’
   28 |   void [01;36m[KsetMap[m[K(const GridMapping& mapping,
      |        [01;36m[K^~~~~~[m[K
[01m[K/home/francesco/Desktop/RP_project/src/project_localizer/src/rp_stuff/dmap_localizer.h:28:8:[m[K [01;36m[Knote: [m[K  candidate expects 2 arguments, 3 provided
[01m[K/home/francesco/Desktop/RP_project/src/project_localizer/src/rp_stuff/dmap_localizer.h:32:8:[m[K [01;36m[Knote: [m[Kcandidate: ‘[01m[Kvoid DMapLocalizer::setMap(const GridMap&, float, uint8_t)[m[K’
   32 |   void [01;36m[KsetMap[m[K(const GridMap& grid_map,
      |        [01;36m[K^~~~~~[m[K
[01m[K/home/francesco/Desktop/RP_project/src/project_localizer/src/rp_stuff/dmap_localizer.h:32:30:[m[K [01;36m[Knote: [m[K  no known conversion for argument 1 from ‘[01m[Kconst std::vector<Eigen::Matrix<int, 2, 1> >[m[K’ to ‘[01m[Kconst GridMap&[m[K’
   32 |   void setMap([01;36m[Kconst GridMap& grid_map[m[K,
      |               [01;36m[K~~~~~~~~~~~~~~~^~~~~~~~[m[K
[01m[K/home/francesco/Desktop/RP_project/src/project_localizer/src/main_node.cpp:55:22:[m[K [01;31m[Kerror: [m[K‘[01m[Kdistances[m[K’ was not declared in this scope
   55 |         for(auto& f: [01;31m[Kdistances[m[K.cells) {
      |                      [01;31m[K^~~~~~~~~[m[K
[01m[K/home/francesco/Desktop/RP_project/src/project_localizer/src/main_node.cpp:61:28:[m[K [01;31m[Kerror: [m[K‘[01m[Kdistances[m[K’ was not declared in this scope
   61 |         for (size_t i=0; i<[01;31m[Kdistances[m[K.cells.size(); ++i) {
      |                            [01;31m[K^~~~~~~~~[m[K
make[2]: *** [CMakeFiles/main_node.dir/build.make:63: CMakeFiles/main_node.dir/src/main_node.cpp.o] Error 1
make[1]: *** [CMakeFiles/Makefile2:451: CMakeFiles/main_node.dir/all] Error 2
make: *** [Makefile:141: all] Error 2
