[01m[K/home/francesco/Desktop/RP_project/src/project_localizer/src/publisher_node.cpp:[m[K In function ‘[01m[Kint main(int, char**)[m[K’:
[01m[K/home/francesco/Desktop/RP_project/src/project_localizer/src/publisher_node.cpp:7:5:[m[K [01;31m[Kerror: [m[K‘[01m[Kstring[m[K’ was not declared in this scope
    7 |     [01;31m[Kstring[m[K topic_name = "/initialpose";
      |     [01;31m[K^~~~~~[m[K
[01m[K/home/francesco/Desktop/RP_project/src/project_localizer/src/publisher_node.cpp:7:5:[m[K [01;36m[Knote: [m[Ksuggested alternatives:
In file included from [01m[K/usr/include/c++/9/string:39[m[K,
                 from [01m[K/opt/ros/noetic/include/ros/platform.h:38[m[K,
                 from [01m[K/opt/ros/noetic/include/ros/time.h:53[m[K,
                 from [01m[K/opt/ros/noetic/include/ros/ros.h:38[m[K,
                 from [01m[K/home/francesco/Desktop/RP_project/src/project_localizer/src/publisher_node.cpp:1[m[K:
[01m[K/usr/include/c++/9/bits/stringfwd.h:79:33:[m[K [01;36m[Knote: [m[K  ‘[01m[Kstd::string[m[K’
   79 |   typedef basic_string<char>    [01;36m[Kstring[m[K;
      |                                 [01;36m[K^~~~~~[m[K
In file included from [01m[K/usr/include/boost/lexical_cast/detail/converter_lexical.hpp:52[m[K,
                 from [01m[K/usr/include/boost/lexical_cast/try_lexical_convert.hpp:44[m[K,
                 from [01m[K/usr/include/boost/lexical_cast.hpp:32[m[K,
                 from [01m[K/opt/ros/noetic/include/ros/transport_hints.h:34[m[K,
                 from [01m[K/opt/ros/noetic/include/ros/subscribe_options.h:33[m[K,
                 from [01m[K/opt/ros/noetic/include/ros/node_handle.h:42[m[K,
                 from [01m[K/opt/ros/noetic/include/ros/ros.h:45[m[K,
                 from [01m[K/home/francesco/Desktop/RP_project/src/project_localizer/src/publisher_node.cpp:1[m[K:
[01m[K/usr/include/boost/container/container_fwd.hpp:191:31:[m[K [01;36m[Knote: [m[K  ‘[01m[Kboost::container::string[m[K’
  191 | typedef basic_string <char>   [01;36m[Kstring[m[K;
      |                               [01;36m[K^~~~~~[m[K
[01m[K/home/francesco/Desktop/RP_project/src/project_localizer/src/publisher_node.cpp:8:51:[m[K [01;31m[Kerror: [m[K‘[01m[Ktopic_name[m[K’ was not declared in this scope; did you mean ‘[01m[Ktypename[m[K’?
    8 |     ros::Publisher pub = n.advertise<std::string>([01;31m[Ktopic_name[m[K,10);
      |                                                   [01;31m[K^~~~~~~~~~[m[K
      |                                                   [32m[Ktypename[m[K
In file included from [01m[K/opt/ros/noetic/include/ros/serialization.h:37[m[K,
                 from [01m[K/opt/ros/noetic/include/ros/publisher.h:34[m[K,
                 from [01m[K/opt/ros/noetic/include/ros/node_handle.h:32[m[K,
                 from [01m[K/opt/ros/noetic/include/ros/ros.h:45[m[K,
                 from [01m[K/home/francesco/Desktop/RP_project/src/project_localizer/src/publisher_node.cpp:1[m[K:
/opt/ros/noetic/include/ros/message_traits.h: In instantiation of ‘[01m[Kstatic const char* ros::message_traits::MD5Sum<M>::value(const M&) [with M = std::__cxx11::basic_string<char>][m[K’:
[01m[K/opt/ros/noetic/include/ros/message_traits.h:254:102:[m[K   required from ‘[01m[Kconst char* ros::message_traits::md5sum(const M&) [with M = std::__cxx11::basic_string<char>][m[K’
[01m[K/opt/ros/noetic/include/ros/publisher.h:117:38:[m[K   required from ‘[01m[Kvoid ros::Publisher::publish(const M&) const [with M = std::__cxx11::basic_string<char>][m[K’
[01m[K/home/francesco/Desktop/RP_project/src/project_localizer/src/publisher_node.cpp:12:25:[m[K   required from here
[01m[K/opt/ros/noetic/include/ros/message_traits.h:125:14:[m[K [01;31m[Kerror: [m[K‘[01m[Kconst class std::__cxx11::basic_string<char>[m[K’ has no member named ‘[01m[K__getMD5Sum[m[K’
  125 |     return [01;31m[Km.__getMD5Sum[m[K().c_str();
      |            [01;31m[K~~^~~~~~~~~~~[m[K
/opt/ros/noetic/include/ros/message_traits.h: In instantiation of ‘[01m[Kstatic const char* ros::message_traits::DataType<M>::value(const M&) [with M = std::__cxx11::basic_string<char>][m[K’:
[01m[K/opt/ros/noetic/include/ros/message_traits.h:263:104:[m[K   required from ‘[01m[Kconst char* ros::message_traits::datatype(const M&) [with M = std::__cxx11::basic_string<char>][m[K’
[01m[K/opt/ros/noetic/include/ros/publisher.h:119:11:[m[K   required from ‘[01m[Kvoid ros::Publisher::publish(const M&) const [with M = std::__cxx11::basic_string<char>][m[K’
[01m[K/home/francesco/Desktop/RP_project/src/project_localizer/src/publisher_node.cpp:12:25:[m[K   required from here
[01m[K/opt/ros/noetic/include/ros/message_traits.h:142:14:[m[K [01;31m[Kerror: [m[K‘[01m[Kconst class std::__cxx11::basic_string<char>[m[K’ has no member named ‘[01m[K__getDataType[m[K’
  142 |     return [01;31m[Km.__getDataType[m[K().c_str();
      |            [01;31m[K~~^~~~~~~~~~~~~[m[K
make[2]: *** [CMakeFiles/publisher_node.dir/build.make:63: CMakeFiles/publisher_node.dir/src/publisher_node.cpp.o] Error 1
make[1]: *** [CMakeFiles/Makefile2:290: CMakeFiles/publisher_node.dir/all] Error 2
make: *** [Makefile:141: all] Error 2
