[01m[K/home/francesco/Desktop/RP_project/src/project_localizer/src/main_node.cpp:[m[K In function ‘[01m[Kvoid mapCallBack(const OccupancyGrid&)[m[K’:
[01m[K/home/francesco/Desktop/RP_project/src/project_localizer/src/main_node.cpp:46:97:[m[K [01;31m[Kerror: [m[Kexpected ‘[01m[K;[m[K’ before ‘[01m[K}[m[K’ token
   46 |                 obstacles.push_back(({static_cast<float>(index(0)), static_cast<float>(index(1))[01;31m[K}[m[K)*100);
      |                                                                                                 [01;31m[K^[m[K
      |                                                                                                 [32m[K;[m[K
[01m[K/home/francesco/Desktop/RP_project/src/project_localizer/src/main_node.cpp:46:103:[m[K [01;31m[Kerror: [m[Kno matching function for call to ‘[01m[Kstd::vector<Eigen::Matrix<float, 2, 1> >::push_back(float)[m[K’
   46 |                 obstacles.push_back(({static_cast<float>(index(0)), static_cast<float>(index(1))})*100[01;31m[K)[m[K;
      |                                                                                                       [01;31m[K^[m[K
In file included from [01m[K/usr/include/c++/9/vector:67[m[K,
                 from [01m[K/usr/include/boost/math/special_functions/math_fwd.hpp:26[m[K,
                 from [01m[K/usr/include/boost/math/special_functions/round.hpp:15[m[K,
                 from [01m[K/opt/ros/noetic/include/ros/time.h:58[m[K,
                 from [01m[K/opt/ros/noetic/include/ros/ros.h:38[m[K,
                 from [01m[K/home/francesco/Desktop/RP_project/src/project_localizer/src/main_node.cpp:1[m[K:
[01m[K/usr/include/c++/9/bits/stl_vector.h:1184:7:[m[K [01;36m[Knote: [m[Kcandidate: ‘[01m[Kvoid std::vector<_Tp, _Alloc>::push_back(const value_type&) [with _Tp = Eigen::Matrix<float, 2, 1>; _Alloc = std::allocator<Eigen::Matrix<float, 2, 1> >; std::vector<_Tp, _Alloc>::value_type = Eigen::Matrix<float, 2, 1>][m[K’
 1184 |       [01;36m[Kpush_back[m[K(const value_type& __x)
      |       [01;36m[K^~~~~~~~~[m[K
[01m[K/usr/include/c++/9/bits/stl_vector.h:1184:35:[m[K [01;36m[Knote: [m[K  no known conversion for argument 1 from ‘[01m[Kfloat[m[K’ to ‘[01m[Kconst value_type&[m[K’ {aka ‘[01m[Kconst Eigen::Matrix<float, 2, 1>&[m[K’}
 1184 |       push_back([01;36m[Kconst value_type& __x[m[K)
      |                 [01;36m[K~~~~~~~~~~~~~~~~~~^~~[m[K
[01m[K/usr/include/c++/9/bits/stl_vector.h:1200:7:[m[K [01;36m[Knote: [m[Kcandidate: ‘[01m[Kvoid std::vector<_Tp, _Alloc>::push_back(std::vector<_Tp, _Alloc>::value_type&&) [with _Tp = Eigen::Matrix<float, 2, 1>; _Alloc = std::allocator<Eigen::Matrix<float, 2, 1> >; std::vector<_Tp, _Alloc>::value_type = Eigen::Matrix<float, 2, 1>][m[K’
 1200 |       [01;36m[Kpush_back[m[K(value_type&& __x)
      |       [01;36m[K^~~~~~~~~[m[K
[01m[K/usr/include/c++/9/bits/stl_vector.h:1200:30:[m[K [01;36m[Knote: [m[K  no known conversion for argument 1 from ‘[01m[Kfloat[m[K’ to ‘[01m[Kstd::vector<Eigen::Matrix<float, 2, 1> >::value_type&&[m[K’ {aka ‘[01m[KEigen::Matrix<float, 2, 1>&&[m[K’}
 1200 |       push_back([01;36m[Kvalue_type&& __x[m[K)
      |                 [01;36m[K~~~~~~~~~~~~~^~~[m[K
make[2]: *** [CMakeFiles/main_node.dir/build.make:63: CMakeFiles/main_node.dir/src/main_node.cpp.o] Error 1
make[1]: *** [CMakeFiles/Makefile2:451: CMakeFiles/main_node.dir/all] Error 2
make: *** [Makefile:141: all] Error 2
