[01m[K/home/francesco/Desktop/RP_project/src/project_localizer/src/rp_stuff/dmap_localizer.cpp:[m[K In member function ‘[01m[Kbool DMapLocalizer::localize(const std::vector<Eigen::Matrix<float, 2, 1> >&, int)[m[K’:
[01m[K/home/francesco/Desktop/RP_project/src/project_localizer/src/rp_stuff/dmap_localizer.cpp:125:31:[m[K [01;35m[Kwarning: [m[KISO C++ says that these are ambiguous, even though the worst conversion for the first is better than the worst conversion for the second:
  125 |       float e=distances(p_grid[01;35m[K)[m[K;
      |                               [01;35m[K^[m[K
In file included from [01m[K/home/francesco/Desktop/RP_project/src/project_localizer/src/rp_stuff/dmap.h:2[m[K,
                 from [01m[K/home/francesco/Desktop/RP_project/src/project_localizer/src/rp_stuff/dmap_localizer.h:4[m[K,
                 from [01m[K/home/francesco/Desktop/RP_project/src/project_localizer/src/rp_stuff/dmap_localizer.cpp:1[m[K:
[01m[K/home/francesco/Desktop/RP_project/src/project_localizer/src/rp_stuff/grid.h:69:25:[m[K [01;36m[Knote: [m[Kcandidate 1: ‘[01m[Kconst CellType Grid_<CellType_>::operator()(const Vector2f&) const [with CellType_ = float; Grid_<CellType_>::CellType = float; Vector2f = Eigen::Matrix<float, 2, 1>][m[K’
   69 |   inline const CellType [01;36m[Koperator[m[K()(const Vector2f& coordinates) const {
      |                         [01;36m[K^~~~~~~~[m[K
[01m[K/home/francesco/Desktop/RP_project/src/project_localizer/src/rp_stuff/grid.h:48:20:[m[K [01;36m[Knote: [m[Kcandidate 2: ‘[01m[KGrid_<CellType_>::CellType& Grid_<CellType_>::operator()(const Vector2i&) [with CellType_ = float; Grid_<CellType_>::CellType = float; Vector2i = Eigen::Matrix<int, 2, 1>][m[K’
   48 |   inline CellType& [01;36m[Koperator[m[K()(const Vector2i& coordinates) {
      |                    [01;36m[K^~~~~~~~[m[K
[01m[K/home/francesco/Desktop/RP_project/src/project_localizer/src/rp_stuff/dmap_localizer.cpp:125:31:[m[K [01;35m[Kwarning: [m[KISO C++ says that these are ambiguous, even though the worst conversion for the first is better than the worst conversion for the second:
  125 |       float e=distances(p_grid[01;35m[K)[m[K;
      |                               [01;35m[K^[m[K
In file included from [01m[K/home/francesco/Desktop/RP_project/src/project_localizer/src/rp_stuff/dmap.h:2[m[K,
                 from [01m[K/home/francesco/Desktop/RP_project/src/project_localizer/src/rp_stuff/dmap_localizer.h:4[m[K,
                 from [01m[K/home/francesco/Desktop/RP_project/src/project_localizer/src/rp_stuff/dmap_localizer.cpp:1[m[K:
[01m[K/home/francesco/Desktop/RP_project/src/project_localizer/src/rp_stuff/grid.h:69:25:[m[K [01;36m[Knote: [m[Kcandidate 1: ‘[01m[Kconst CellType Grid_<CellType_>::operator()(const Vector2f&) const [with CellType_ = float; Grid_<CellType_>::CellType = float; Vector2f = Eigen::Matrix<float, 2, 1>][m[K’
   69 |   inline const CellType [01;36m[Koperator[m[K()(const Vector2f& coordinates) const {
      |                         [01;36m[K^~~~~~~~[m[K
[01m[K/home/francesco/Desktop/RP_project/src/project_localizer/src/rp_stuff/grid.h:48:20:[m[K [01;36m[Knote: [m[Kcandidate 2: ‘[01m[KGrid_<CellType_>::CellType& Grid_<CellType_>::operator()(const Vector2i&) [with CellType_ = float; Grid_<CellType_>::CellType = float; Vector2i = Eigen::Matrix<int, 2, 1>][m[K’
   48 |   inline CellType& [01;36m[Koperator[m[K()(const Vector2i& coordinates) {
      |                    [01;36m[K^~~~~~~~[m[K
[01m[K/home/francesco/Desktop/RP_project/src/project_localizer/src/rp_stuff/dmap_localizer.cpp:133:37:[m[K [01;35m[Kwarning: [m[KISO C++ says that these are ambiguous, even though the worst conversion for the first is better than the worst conversion for the second:
  133 |       J_dmap.x()=distances_dc(p_grid[01;35m[K)[m[K;
      |                                     [01;35m[K^[m[K
In file included from [01m[K/home/francesco/Desktop/RP_project/src/project_localizer/src/rp_stuff/dmap.h:2[m[K,
                 from [01m[K/home/francesco/Desktop/RP_project/src/project_localizer/src/rp_stuff/dmap_localizer.h:4[m[K,
                 from [01m[K/home/francesco/Desktop/RP_project/src/project_localizer/src/rp_stuff/dmap_localizer.cpp:1[m[K:
[01m[K/home/francesco/Desktop/RP_project/src/project_localizer/src/rp_stuff/grid.h:69:25:[m[K [01;36m[Knote: [m[Kcandidate 1: ‘[01m[Kconst CellType Grid_<CellType_>::operator()(const Vector2f&) const [with CellType_ = float; Grid_<CellType_>::CellType = float; Vector2f = Eigen::Matrix<float, 2, 1>][m[K’
   69 |   inline const CellType [01;36m[Koperator[m[K()(const Vector2f& coordinates) const {
      |                         [01;36m[K^~~~~~~~[m[K
[01m[K/home/francesco/Desktop/RP_project/src/project_localizer/src/rp_stuff/grid.h:48:20:[m[K [01;36m[Knote: [m[Kcandidate 2: ‘[01m[KGrid_<CellType_>::CellType& Grid_<CellType_>::operator()(const Vector2i&) [with CellType_ = float; Grid_<CellType_>::CellType = float; Vector2i = Eigen::Matrix<int, 2, 1>][m[K’
   48 |   inline CellType& [01;36m[Koperator[m[K()(const Vector2i& coordinates) {
      |                    [01;36m[K^~~~~~~~[m[K
[01m[K/home/francesco/Desktop/RP_project/src/project_localizer/src/rp_stuff/dmap_localizer.cpp:133:37:[m[K [01;35m[Kwarning: [m[KISO C++ says that these are ambiguous, even though the worst conversion for the first is better than the worst conversion for the second:
  133 |       J_dmap.x()=distances_dc(p_grid[01;35m[K)[m[K;
      |                                     [01;35m[K^[m[K
In file included from [01m[K/home/francesco/Desktop/RP_project/src/project_localizer/src/rp_stuff/dmap.h:2[m[K,
                 from [01m[K/home/francesco/Desktop/RP_project/src/project_localizer/src/rp_stuff/dmap_localizer.h:4[m[K,
                 from [01m[K/home/francesco/Desktop/RP_project/src/project_localizer/src/rp_stuff/dmap_localizer.cpp:1[m[K:
[01m[K/home/francesco/Desktop/RP_project/src/project_localizer/src/rp_stuff/grid.h:69:25:[m[K [01;36m[Knote: [m[Kcandidate 1: ‘[01m[Kconst CellType Grid_<CellType_>::operator()(const Vector2f&) const [with CellType_ = float; Grid_<CellType_>::CellType = float; Vector2f = Eigen::Matrix<float, 2, 1>][m[K’
   69 |   inline const CellType [01;36m[Koperator[m[K()(const Vector2f& coordinates) const {
      |                         [01;36m[K^~~~~~~~[m[K
[01m[K/home/francesco/Desktop/RP_project/src/project_localizer/src/rp_stuff/grid.h:48:20:[m[K [01;36m[Knote: [m[Kcandidate 2: ‘[01m[KGrid_<CellType_>::CellType& Grid_<CellType_>::operator()(const Vector2i&) [with CellType_ = float; Grid_<CellType_>::CellType = float; Vector2i = Eigen::Matrix<int, 2, 1>][m[K’
   48 |   inline CellType& [01;36m[Koperator[m[K()(const Vector2i& coordinates) {
      |                    [01;36m[K^~~~~~~~[m[K
[01m[K/home/francesco/Desktop/RP_project/src/project_localizer/src/rp_stuff/dmap_localizer.cpp:134:37:[m[K [01;35m[Kwarning: [m[KISO C++ says that these are ambiguous, even though the worst conversion for the first is better than the worst conversion for the second:
  134 |       J_dmap.y()=distances_dr(p_grid[01;35m[K)[m[K;
      |                                     [01;35m[K^[m[K
In file included from [01m[K/home/francesco/Desktop/RP_project/src/project_localizer/src/rp_stuff/dmap.h:2[m[K,
                 from [01m[K/home/francesco/Desktop/RP_project/src/project_localizer/src/rp_stuff/dmap_localizer.h:4[m[K,
                 from [01m[K/home/francesco/Desktop/RP_project/src/project_localizer/src/rp_stuff/dmap_localizer.cpp:1[m[K:
[01m[K/home/francesco/Desktop/RP_project/src/project_localizer/src/rp_stuff/grid.h:69:25:[m[K [01;36m[Knote: [m[Kcandidate 1: ‘[01m[Kconst CellType Grid_<CellType_>::operator()(const Vector2f&) const [with CellType_ = float; Grid_<CellType_>::CellType = float; Vector2f = Eigen::Matrix<float, 2, 1>][m[K’
   69 |   inline const CellType [01;36m[Koperator[m[K()(const Vector2f& coordinates) const {
      |                         [01;36m[K^~~~~~~~[m[K
[01m[K/home/francesco/Desktop/RP_project/src/project_localizer/src/rp_stuff/grid.h:48:20:[m[K [01;36m[Knote: [m[Kcandidate 2: ‘[01m[KGrid_<CellType_>::CellType& Grid_<CellType_>::operator()(const Vector2i&) [with CellType_ = float; Grid_<CellType_>::CellType = float; Vector2i = Eigen::Matrix<int, 2, 1>][m[K’
   48 |   inline CellType& [01;36m[Koperator[m[K()(const Vector2i& coordinates) {
      |                    [01;36m[K^~~~~~~~[m[K
[01m[K/home/francesco/Desktop/RP_project/src/project_localizer/src/rp_stuff/dmap_localizer.cpp:134:37:[m[K [01;35m[Kwarning: [m[KISO C++ says that these are ambiguous, even though the worst conversion for the first is better than the worst conversion for the second:
  134 |       J_dmap.y()=distances_dr(p_grid[01;35m[K)[m[K;
      |                                     [01;35m[K^[m[K
In file included from [01m[K/home/francesco/Desktop/RP_project/src/project_localizer/src/rp_stuff/dmap.h:2[m[K,
                 from [01m[K/home/francesco/Desktop/RP_project/src/project_localizer/src/rp_stuff/dmap_localizer.h:4[m[K,
                 from [01m[K/home/francesco/Desktop/RP_project/src/project_localizer/src/rp_stuff/dmap_localizer.cpp:1[m[K:
[01m[K/home/francesco/Desktop/RP_project/src/project_localizer/src/rp_stuff/grid.h:69:25:[m[K [01;36m[Knote: [m[Kcandidate 1: ‘[01m[Kconst CellType Grid_<CellType_>::operator()(const Vector2f&) const [with CellType_ = float; Grid_<CellType_>::CellType = float; Vector2f = Eigen::Matrix<float, 2, 1>][m[K’
   69 |   inline const CellType [01;36m[Koperator[m[K()(const Vector2f& coordinates) const {
      |                         [01;36m[K^~~~~~~~[m[K
[01m[K/home/francesco/Desktop/RP_project/src/project_localizer/src/rp_stuff/grid.h:48:20:[m[K [01;36m[Knote: [m[Kcandidate 2: ‘[01m[KGrid_<CellType_>::CellType& Grid_<CellType_>::operator()(const Vector2i&) [with CellType_ = float; Grid_<CellType_>::CellType = float; Vector2i = Eigen::Matrix<int, 2, 1>][m[K’
   48 |   inline CellType& [01;36m[Koperator[m[K()(const Vector2i& coordinates) {
      |                    [01;36m[K^~~~~~~~[m[K
In file included from [01m[K/usr/include/eigen3/Eigen/Core:366[m[K,
                 from [01m[K/usr/include/eigen3/Eigen/Geometry:11[m[K,
                 from [01m[K/home/francesco/Desktop/RP_project/src/project_localizer/src/rp_stuff/grid.h:4[m[K,
                 from [01m[K/home/francesco/Desktop/RP_project/src/project_localizer/src/rp_stuff/dmap.h:2[m[K,
                 from [01m[K/home/francesco/Desktop/RP_project/src/project_localizer/src/rp_stuff/dmap.cpp:1[m[K:
/usr/include/eigen3/Eigen/src/Core/AssignEvaluator.h: In instantiation of ‘[01m[Kvoid Eigen::internal::call_assignment_no_alias(Dst&, const Src&, const Func&) [with Dst = Eigen::Matrix<int, 2, 1>; Src = Eigen::Matrix<float, 2, 1>; Func = Eigen::internal::assign_op<int, float>][m[K’:
[01m[K/usr/include/eigen3/Eigen/src/Core/PlainObjectBase.h:732:41:[m[K   required from ‘[01m[KDerived& Eigen::PlainObjectBase<Derived>::_set_noalias(const Eigen::DenseBase<OtherDerived>&) [with OtherDerived = Eigen::Matrix<float, 2, 1>; Derived = Eigen::Matrix<int, 2, 1>][m[K’
[01m[K/usr/include/eigen3/Eigen/src/Core/PlainObjectBase.h:537:7:[m[K   required from ‘[01m[KEigen::PlainObjectBase<Derived>::PlainObjectBase(const Eigen::DenseBase<OtherDerived>&) [with OtherDerived = Eigen::Matrix<float, 2, 1>; Derived = Eigen::Matrix<int, 2, 1>][m[K’
[01m[K/usr/include/eigen3/Eigen/src/Core/Matrix.h:377:29:[m[K   required from ‘[01m[KEigen::Matrix<_Scalar, _Rows, _Cols, _Options, _MaxRows, _MaxCols>::Matrix(const Eigen::EigenBase<OtherDerived>&) [with OtherDerived = Eigen::Matrix<float, 2, 1>; _Scalar = int; int _Rows = 2; int _Cols = 1; int _Options = 0; int _MaxRows = 2; int _MaxCols = 1][m[K’
[01m[K/home/francesco/Desktop/RP_project/src/project_localizer/src/rp_stuff/grid.h:61:39:[m[K   required from ‘[01m[Kconst Vector2i Grid_<CellType_>::ptr2idx(const CellType*) const [with CellType_ = DMapCell; Vector2i = Eigen::Matrix<int, 2, 1>; Grid_<CellType_>::CellType = DMapCell][m[K’
[01m[K/home/francesco/Desktop/RP_project/src/project_localizer/src/rp_stuff/dmap.cpp:20:37:[m[K   required from here
[01m[K/usr/include/eigen3/Eigen/src/Core/util/XprHelper.h:819:96:[m[K [01;31m[Kerror: [m[Kstatic assertion failed: YOU_MIXED_DIFFERENT_NUMERIC_TYPES__YOU_NEED_TO_USE_THE_CAST_METHOD_OF_MATRIXBASE_TO_CAST_NUMERIC_TYPES_EXPLICITLY
  819 |   EIGEN_STATIC_ASSERT([01;31m[K(Eigen::internal::has_ReturnType<ScalarBinaryOpTraits<LHS, RHS,BINOP> >::value)[m[K, \
      |                       [01;31m[K~~~~~~~~~~~~~~~~~~~~~~~~~~~~~~~~~~~~~~~~~~~~~~~~~~~~~~~~~~~~~~~~~~~~~~~~~^~~~~~[m[K
[01m[K/usr/include/eigen3/Eigen/src/Core/util/StaticAssert.h:33:54:[m[K [01;36m[Knote: [m[Kin definition of macro ‘[01m[KEIGEN_STATIC_ASSERT[m[K’
   33 |     #define EIGEN_STATIC_ASSERT(X,MSG) static_assert([01;36m[KX[m[K,#MSG);
      |                                                      [01;36m[K^[m[K
[01m[K/usr/include/eigen3/Eigen/src/Core/AssignEvaluator.h:834:3:[m[K [01;36m[Knote: [m[Kin expansion of macro ‘[01m[KEIGEN_CHECK_BINARY_COMPATIBILIY[m[K’
  834 |   [01;36m[KEIGEN_CHECK_BINARY_COMPATIBILIY[m[K(Func,typename ActualDstTypeCleaned::Scalar,typename Src::Scalar);
      |   [01;36m[K^~~~~~~~~~~~~~~~~~~~~~~~~~~~~~~[m[K
make[2]: *** [src/rp_stuff/CMakeFiles/rp_library.dir/build.make:128: src/rp_stuff/CMakeFiles/rp_library.dir/dmap.cpp.o] Error 1
make[2]: *** Waiting for unfinished jobs....
In file included from [01m[K/usr/include/eigen3/Eigen/Core:366[m[K,
                 from [01m[K/home/francesco/Desktop/RP_project/src/project_localizer/src/rp_stuff/dmap_localizer.h:2[m[K,
                 from [01m[K/home/francesco/Desktop/RP_project/src/project_localizer/src/rp_stuff/dmap_localizer.cpp:1[m[K:
/usr/include/eigen3/Eigen/src/Core/AssignEvaluator.h: In instantiation of ‘[01m[Kvoid Eigen::internal::call_assignment_no_alias(Dst&, const Src&, const Func&) [with Dst = Eigen::Matrix<int, 2, 1>; Src = Eigen::Matrix<float, 2, 1>; Func = Eigen::internal::assign_op<int, float>][m[K’:
[01m[K/usr/include/eigen3/Eigen/src/Core/PlainObjectBase.h:732:41:[m[K   required from ‘[01m[KDerived& Eigen::PlainObjectBase<Derived>::_set_noalias(const Eigen::DenseBase<OtherDerived>&) [with OtherDerived = Eigen::Matrix<float, 2, 1>; Derived = Eigen::Matrix<int, 2, 1>][m[K’
[01m[K/usr/include/eigen3/Eigen/src/Core/PlainObjectBase.h:537:7:[m[K   required from ‘[01m[KEigen::PlainObjectBase<Derived>::PlainObjectBase(const Eigen::DenseBase<OtherDerived>&) [with OtherDerived = Eigen::Matrix<float, 2, 1>; Derived = Eigen::Matrix<int, 2, 1>][m[K’
[01m[K/usr/include/eigen3/Eigen/src/Core/Matrix.h:377:29:[m[K   required from ‘[01m[KEigen::Matrix<_Scalar, _Rows, _Cols, _Options, _MaxRows, _MaxCols>::Matrix(const Eigen::EigenBase<OtherDerived>&) [with OtherDerived = Eigen::Matrix<float, 2, 1>; _Scalar = int; int _Rows = 2; int _Cols = 1; int _Options = 0; int _MaxRows = 2; int _MaxCols = 1][m[K’
[01m[K/home/francesco/Desktop/RP_project/src/project_localizer/src/rp_stuff/grid.h:61:39:[m[K   required from ‘[01m[Kconst Vector2i Grid_<CellType_>::ptr2idx(const CellType*) const [with CellType_ = DMapCell; Vector2i = Eigen::Matrix<int, 2, 1>; Grid_<CellType_>::CellType = DMapCell][m[K’
[01m[K/home/francesco/Desktop/RP_project/src/project_localizer/src/rp_stuff/grid.h:66:13:[m[K   required from ‘[01m[Kint Grid_<CellType_>::distance2(const CellType*, const CellType*) const [with CellType_ = DMapCell; Grid_<CellType_>::CellType = DMapCell][m[K’
[01m[K/home/francesco/Desktop/RP_project/src/project_localizer/src/rp_stuff/dmap.h:37:21:[m[K   required from ‘[01m[Kvoid DMap::copyTo(Grid_<CellType_>&, int) const [with CellType = float][m[K’
[01m[K/home/francesco/Desktop/RP_project/src/project_localizer/src/rp_stuff/dmap_localizer.cpp:58:32:[m[K   required from here
[01m[K/usr/include/eigen3/Eigen/src/Core/util/XprHelper.h:819:96:[m[K [01;31m[Kerror: [m[Kstatic assertion failed: YOU_MIXED_DIFFERENT_NUMERIC_TYPES__YOU_NEED_TO_USE_THE_CAST_METHOD_OF_MATRIXBASE_TO_CAST_NUMERIC_TYPES_EXPLICITLY
  819 |   EIGEN_STATIC_ASSERT([01;31m[K(Eigen::internal::has_ReturnType<ScalarBinaryOpTraits<LHS, RHS,BINOP> >::value)[m[K, \
      |                       [01;31m[K~~~~~~~~~~~~~~~~~~~~~~~~~~~~~~~~~~~~~~~~~~~~~~~~~~~~~~~~~~~~~~~~~~~~~~~~~^~~~~~[m[K
[01m[K/usr/include/eigen3/Eigen/src/Core/util/StaticAssert.h:33:54:[m[K [01;36m[Knote: [m[Kin definition of macro ‘[01m[KEIGEN_STATIC_ASSERT[m[K’
   33 |     #define EIGEN_STATIC_ASSERT(X,MSG) static_assert([01;36m[KX[m[K,#MSG);
      |                                                      [01;36m[K^[m[K
[01m[K/usr/include/eigen3/Eigen/src/Core/AssignEvaluator.h:834:3:[m[K [01;36m[Knote: [m[Kin expansion of macro ‘[01m[KEIGEN_CHECK_BINARY_COMPATIBILIY[m[K’
  834 |   [01;36m[KEIGEN_CHECK_BINARY_COMPATIBILIY[m[K(Func,typename ActualDstTypeCleaned::Scalar,typename Src::Scalar);
      |   [01;36m[K^~~~~~~~~~~~~~~~~~~~~~~~~~~~~~~[m[K
make[2]: *** [src/rp_stuff/CMakeFiles/rp_library.dir/build.make:141: src/rp_stuff/CMakeFiles/rp_library.dir/dmap_localizer.cpp.o] Error 1
make[1]: *** [CMakeFiles/Makefile2:1478: src/rp_stuff/CMakeFiles/rp_library.dir/all] Error 2
make: *** [Makefile:141: all] Error 2
