[01m[K/home/francesco/Desktop/RP_project/src/project_localizer/src/main_node.cpp:[m[K In function ‘[01m[Kvoid mapCallBack(const OccupancyGrid&)[m[K’:
[01m[K/home/francesco/Desktop/RP_project/src/project_localizer/src/main_node.cpp:43:51:[m[K [01;31m[Kerror: [m[Kinvalid conversion from ‘[01m[Ksigned char[m[K’ to ‘[01m[Kconst CellType*[m[K’ {aka ‘[01m[Kconst signed char*[m[K’} [[01;31m[K-fpermissive[m[K]
   43 |                 Vector2i index = grid_map.ptr2idx([01;31m[Ko[m[K);
      |                                                   [01;31m[K^[m[K
      |                                                   [01;31m[K|[m[K
      |                                                   [01;31m[Ksigned char[m[K
In file included from [01m[K/home/francesco/Desktop/RP_project/src/project_localizer/src/rp_stuff/dmap.h:2[m[K,
                 from [01m[K/home/francesco/Desktop/RP_project/src/project_localizer/src/main_node.cpp:8[m[K:
[01m[K/home/francesco/Desktop/RP_project/src/project_localizer/src/rp_stuff/grid.h:56:49:[m[K [01;36m[Knote: [m[K  initializing argument 1 of ‘[01m[Kconst Vector2i Grid_<CellType_>::ptr2idx(const CellType*) const [with CellType_ = signed char; Vector2i = Eigen::Matrix<int, 2, 1>; Grid_<CellType_>::CellType = signed char][m[K’
   56 |   inline const Vector2i ptr2idx([01;36m[Kconst CellType* cell[m[K) const {
      |                                 [01;36m[K~~~~~~~~~~~~~~~~^~~~[m[K
[01m[K/home/francesco/Desktop/RP_project/src/project_localizer/src/main_node.cpp:44:49:[m[K [01;31m[Kerror: [m[Kexpected ‘[01m[K<[m[K’ before ‘[01m[K([m[K’ token
   44 |                 obstacles.push_back({static_cast[01;31m[K([m[Kindex(0)), static_cast(index(1))});
      |                                                 [01;31m[K^[m[K
[01m[K/home/francesco/Desktop/RP_project/src/project_localizer/src/main_node.cpp:44:49:[m[K [01;31m[Kerror: [m[Kexpected type-specifier before ‘[01m[K([m[K’ token
[01m[K/home/francesco/Desktop/RP_project/src/project_localizer/src/main_node.cpp:44:49:[m[K [01;31m[Kerror: [m[Kexpected ‘[01m[K>[m[K’ before ‘[01m[K([m[K’ token
[01m[K/home/francesco/Desktop/RP_project/src/project_localizer/src/main_node.cpp:44:72:[m[K [01;31m[Kerror: [m[Kexpected ‘[01m[K<[m[K’ before ‘[01m[K([m[K’ token
   44 |                 obstacles.push_back({static_cast(index(0)), static_cast[01;31m[K([m[Kindex(1))});
      |                                                                        [01;31m[K^[m[K
[01m[K/home/francesco/Desktop/RP_project/src/project_localizer/src/main_node.cpp:44:72:[m[K [01;31m[Kerror: [m[Kexpected type-specifier before ‘[01m[K([m[K’ token
[01m[K/home/francesco/Desktop/RP_project/src/project_localizer/src/main_node.cpp:44:72:[m[K [01;31m[Kerror: [m[Kexpected ‘[01m[K>[m[K’ before ‘[01m[K([m[K’ token
[01m[K/home/francesco/Desktop/RP_project/src/project_localizer/src/main_node.cpp:44:83:[m[K [01;31m[Kerror: [m[Kno matching function for call to ‘[01m[Kstd::vector<Eigen::Matrix<float, 2, 1> >::push_back(<brace-enclosed initializer list>)[m[K’
   44 |                 obstacles.push_back({static_cast(index(0)), static_cast(index(1))}[01;31m[K)[m[K;
      |                                                                                   [01;31m[K^[m[K
In file included from [01m[K/usr/include/c++/9/vector:67[m[K,
                 from [01m[K/usr/include/boost/math/special_functions/math_fwd.hpp:26[m[K,
                 from [01m[K/usr/include/boost/math/special_functions/round.hpp:15[m[K,
                 from [01m[K/opt/ros/noetic/include/ros/time.h:58[m[K,
                 from [01m[K/opt/ros/noetic/include/ros/ros.h:38[m[K,
                 from [01m[K/home/francesco/Desktop/RP_project/src/project_localizer/src/main_node.cpp:1[m[K:
[01m[K/usr/include/c++/9/bits/stl_vector.h:1184:7:[m[K [01;36m[Knote: [m[Kcandidate: ‘[01m[Kvoid std::vector<_Tp, _Alloc>::push_back(const value_type&) [with _Tp = Eigen::Matrix<float, 2, 1>; _Alloc = std::allocator<Eigen::Matrix<float, 2, 1> >; std::vector<_Tp, _Alloc>::value_type = Eigen::Matrix<float, 2, 1>][m[K’
 1184 |       [01;36m[Kpush_back[m[K(const value_type& __x)
      |       [01;36m[K^~~~~~~~~[m[K
[01m[K/usr/include/c++/9/bits/stl_vector.h:1184:35:[m[K [01;36m[Knote: [m[K  no known conversion for argument 1 from ‘[01m[K<brace-enclosed initializer list>[m[K’ to ‘[01m[Kconst value_type&[m[K’ {aka ‘[01m[Kconst Eigen::Matrix<float, 2, 1>&[m[K’}
 1184 |       push_back([01;36m[Kconst value_type& __x[m[K)
      |                 [01;36m[K~~~~~~~~~~~~~~~~~~^~~[m[K
[01m[K/usr/include/c++/9/bits/stl_vector.h:1200:7:[m[K [01;36m[Knote: [m[Kcandidate: ‘[01m[Kvoid std::vector<_Tp, _Alloc>::push_back(std::vector<_Tp, _Alloc>::value_type&&) [with _Tp = Eigen::Matrix<float, 2, 1>; _Alloc = std::allocator<Eigen::Matrix<float, 2, 1> >; std::vector<_Tp, _Alloc>::value_type = Eigen::Matrix<float, 2, 1>][m[K’
 1200 |       [01;36m[Kpush_back[m[K(value_type&& __x)
      |       [01;36m[K^~~~~~~~~[m[K
[01m[K/usr/include/c++/9/bits/stl_vector.h:1200:30:[m[K [01;36m[Knote: [m[K  no known conversion for argument 1 from ‘[01m[K<brace-enclosed initializer list>[m[K’ to ‘[01m[Kstd::vector<Eigen::Matrix<float, 2, 1> >::value_type&&[m[K’ {aka ‘[01m[KEigen::Matrix<float, 2, 1>&&[m[K’}
 1200 |       push_back([01;36m[Kvalue_type&& __x[m[K)
      |                 [01;36m[K~~~~~~~~~~~~~^~~[m[K
make[2]: *** [CMakeFiles/main_node.dir/build.make:63: CMakeFiles/main_node.dir/src/main_node.cpp.o] Error 1
make[1]: *** [CMakeFiles/Makefile2:451: CMakeFiles/main_node.dir/all] Error 2
make: *** [Makefile:141: all] Error 2
