[01m[K/home/francesco/Desktop/RP_project/src/project_localizer/src/main_node.cpp:[m[K In function ‘[01m[Kvoid mapCallBack(const OccupancyGrid&)[m[K’:
[01m[K/home/francesco/Desktop/RP_project/src/project_localizer/src/main_node.cpp:42:72:[m[K [01;31m[Kerror: [m[Kno matching function for call to ‘[01m[Kstd::vector<Eigen::Matrix<float, 2, 1> >::vector(std::vector<Eigen::Matrix<int, 2, 1> >&)[m[K’
   42 |         std::vector<Vector2f> obstacles_float = (std::vector<Vector2f>)[01;31m[Kobstacles[m[K;
      |                                                                        [01;31m[K^~~~~~~~~[m[K
In file included from [01m[K/usr/include/c++/9/vector:67[m[K,
                 from [01m[K/usr/include/boost/math/special_functions/math_fwd.hpp:26[m[K,
                 from [01m[K/usr/include/boost/math/special_functions/round.hpp:15[m[K,
                 from [01m[K/opt/ros/noetic/include/ros/time.h:58[m[K,
                 from [01m[K/opt/ros/noetic/include/ros/ros.h:38[m[K,
                 from [01m[K/home/francesco/Desktop/RP_project/src/project_localizer/src/main_node.cpp:1[m[K:
[01m[K/usr/include/c++/9/bits/stl_vector.h:650:2:[m[K [01;36m[Knote: [m[Kcandidate: ‘[01m[Ktemplate<class _InputIterator, class> std::vector<_Tp, _Alloc>::vector(_InputIterator, _InputIterator, const allocator_type&)[m[K’
  650 |  [01;36m[Kvector[m[K(_InputIterator __first, _InputIterator __last,
      |  [01;36m[K^~~~~~[m[K
[01m[K/usr/include/c++/9/bits/stl_vector.h:650:2:[m[K [01;36m[Knote: [m[K  template argument deduction/substitution failed:
[01m[K/home/francesco/Desktop/RP_project/src/project_localizer/src/main_node.cpp:42:72:[m[K [01;36m[Knote: [m[K  candidate expects 3 arguments, 1 provided
   42 |         std::vector<Vector2f> obstacles_float = (std::vector<Vector2f>)[01;36m[Kobstacles[m[K;
      |                                                                        [01;36m[K^~~~~~~~~[m[K
In file included from [01m[K/usr/include/c++/9/vector:67[m[K,
                 from [01m[K/usr/include/boost/math/special_functions/math_fwd.hpp:26[m[K,
                 from [01m[K/usr/include/boost/math/special_functions/round.hpp:15[m[K,
                 from [01m[K/opt/ros/noetic/include/ros/time.h:58[m[K,
                 from [01m[K/opt/ros/noetic/include/ros/ros.h:38[m[K,
                 from [01m[K/home/francesco/Desktop/RP_project/src/project_localizer/src/main_node.cpp:1[m[K:
[01m[K/usr/include/c++/9/bits/stl_vector.h:622:7:[m[K [01;36m[Knote: [m[Kcandidate: ‘[01m[Kstd::vector<_Tp, _Alloc>::vector(std::initializer_list<_Tp>, const allocator_type&) [with _Tp = Eigen::Matrix<float, 2, 1>; _Alloc = std::allocator<Eigen::Matrix<float, 2, 1> >; std::vector<_Tp, _Alloc>::allocator_type = std::allocator<Eigen::Matrix<float, 2, 1> >][m[K’
  622 |       [01;36m[Kvector[m[K(initializer_list<value_type> __l,
      |       [01;36m[K^~~~~~[m[K
[01m[K/usr/include/c++/9/bits/stl_vector.h:622:43:[m[K [01;36m[Knote: [m[K  no known conversion for argument 1 from ‘[01m[Kstd::vector<Eigen::Matrix<int, 2, 1> >[m[K’ to ‘[01m[Kstd::initializer_list<Eigen::Matrix<float, 2, 1> >[m[K’
  622 |       vector([01;36m[Kinitializer_list<value_type> __l[m[K,
      |              [01;36m[K~~~~~~~~~~~~~~~~~~~~~~~~~~~~~^~~[m[K
[01m[K/usr/include/c++/9/bits/stl_vector.h:604:7:[m[K [01;36m[Knote: [m[Kcandidate: ‘[01m[Kstd::vector<_Tp, _Alloc>::vector(std::vector<_Tp, _Alloc>&&, const allocator_type&) [with _Tp = Eigen::Matrix<float, 2, 1>; _Alloc = std::allocator<Eigen::Matrix<float, 2, 1> >; std::vector<_Tp, _Alloc>::allocator_type = std::allocator<Eigen::Matrix<float, 2, 1> >][m[K’
  604 |       [01;36m[Kvector[m[K(vector&& __rv, const allocator_type& __m)
      |       [01;36m[K^~~~~~[m[K
[01m[K/usr/include/c++/9/bits/stl_vector.h:604:7:[m[K [01;36m[Knote: [m[K  candidate expects 2 arguments, 1 provided
[01m[K/usr/include/c++/9/bits/stl_vector.h:586:7:[m[K [01;36m[Knote: [m[Kcandidate: ‘[01m[Kstd::vector<_Tp, _Alloc>::vector(std::vector<_Tp, _Alloc>&&, const allocator_type&, std::false_type) [with _Tp = Eigen::Matrix<float, 2, 1>; _Alloc = std::allocator<Eigen::Matrix<float, 2, 1> >; std::vector<_Tp, _Alloc>::allocator_type = std::allocator<Eigen::Matrix<float, 2, 1> >; std::false_type = std::integral_constant<bool, false>][m[K’
  586 |       [01;36m[Kvector[m[K(vector&& __rv, const allocator_type& __m, false_type)
      |       [01;36m[K^~~~~~[m[K
[01m[K/usr/include/c++/9/bits/stl_vector.h:586:7:[m[K [01;36m[Knote: [m[K  candidate expects 3 arguments, 1 provided
[01m[K/usr/include/c++/9/bits/stl_vector.h:582:7:[m[K [01;36m[Knote: [m[Kcandidate: ‘[01m[Kstd::vector<_Tp, _Alloc>::vector(std::vector<_Tp, _Alloc>&&, const allocator_type&, std::true_type) [with _Tp = Eigen::Matrix<float, 2, 1>; _Alloc = std::allocator<Eigen::Matrix<float, 2, 1> >; std::vector<_Tp, _Alloc>::allocator_type = std::allocator<Eigen::Matrix<float, 2, 1> >; std::true_type = std::integral_constant<bool, true>][m[K’
  582 |       [01;36m[Kvector[m[K(vector&& __rv, const allocator_type& __m, true_type) noexcept
      |       [01;36m[K^~~~~~[m[K
[01m[K/usr/include/c++/9/bits/stl_vector.h:582:7:[m[K [01;36m[Knote: [m[K  candidate expects 3 arguments, 1 provided
[01m[K/usr/include/c++/9/bits/stl_vector.h:572:7:[m[K [01;36m[Knote: [m[Kcandidate: ‘[01m[Kstd::vector<_Tp, _Alloc>::vector(const std::vector<_Tp, _Alloc>&, const allocator_type&) [with _Tp = Eigen::Matrix<float, 2, 1>; _Alloc = std::allocator<Eigen::Matrix<float, 2, 1> >; std::vector<_Tp, _Alloc>::allocator_type = std::allocator<Eigen::Matrix<float, 2, 1> >][m[K’
  572 |       [01;36m[Kvector[m[K(const vector& __x, const allocator_type& __a)
      |       [01;36m[K^~~~~~[m[K
[01m[K/usr/include/c++/9/bits/stl_vector.h:572:7:[m[K [01;36m[Knote: [m[K  candidate expects 2 arguments, 1 provided
[01m[K/usr/include/c++/9/bits/stl_vector.h:569:7:[m[K [01;36m[Knote: [m[Kcandidate: ‘[01m[Kstd::vector<_Tp, _Alloc>::vector(std::vector<_Tp, _Alloc>&&) [with _Tp = Eigen::Matrix<float, 2, 1>; _Alloc = std::allocator<Eigen::Matrix<float, 2, 1> >][m[K’
  569 |       [01;36m[Kvector[m[K(vector&&) noexcept = default;
      |       [01;36m[K^~~~~~[m[K
[01m[K/usr/include/c++/9/bits/stl_vector.h:569:14:[m[K [01;36m[Knote: [m[K  no known conversion for argument 1 from ‘[01m[Kstd::vector<Eigen::Matrix<int, 2, 1> >[m[K’ to ‘[01m[Kstd::vector<Eigen::Matrix<float, 2, 1> >&&[m[K’
  569 |       vector([01;36m[Kvector&&[m[K) noexcept = default;
      |              [01;36m[K^~~~~~~~[m[K
[01m[K/usr/include/c++/9/bits/stl_vector.h:550:7:[m[K [01;36m[Knote: [m[Kcandidate: ‘[01m[Kstd::vector<_Tp, _Alloc>::vector(const std::vector<_Tp, _Alloc>&) [with _Tp = Eigen::Matrix<float, 2, 1>; _Alloc = std::allocator<Eigen::Matrix<float, 2, 1> >][m[K’
  550 |       [01;36m[Kvector[m[K(const vector& __x)
      |       [01;36m[K^~~~~~[m[K
[01m[K/usr/include/c++/9/bits/stl_vector.h:550:28:[m[K [01;36m[Knote: [m[K  no known conversion for argument 1 from ‘[01m[Kstd::vector<Eigen::Matrix<int, 2, 1> >[m[K’ to ‘[01m[Kconst std::vector<Eigen::Matrix<float, 2, 1> >&[m[K’
  550 |       vector([01;36m[Kconst vector& __x[m[K)
      |              [01;36m[K~~~~~~~~~~~~~~^~~[m[K
[01m[K/usr/include/c++/9/bits/stl_vector.h:519:7:[m[K [01;36m[Knote: [m[Kcandidate: ‘[01m[Kstd::vector<_Tp, _Alloc>::vector(std::vector<_Tp, _Alloc>::size_type, const value_type&, const allocator_type&) [with _Tp = Eigen::Matrix<float, 2, 1>; _Alloc = std::allocator<Eigen::Matrix<float, 2, 1> >; std::vector<_Tp, _Alloc>::size_type = long unsigned int; std::vector<_Tp, _Alloc>::value_type = Eigen::Matrix<float, 2, 1>; std::vector<_Tp, _Alloc>::allocator_type = std::allocator<Eigen::Matrix<float, 2, 1> >][m[K’
  519 |       [01;36m[Kvector[m[K(size_type __n, const value_type& __value,
      |       [01;36m[K^~~~~~[m[K
[01m[K/usr/include/c++/9/bits/stl_vector.h:519:7:[m[K [01;36m[Knote: [m[K  candidate expects 3 arguments, 1 provided
[01m[K/usr/include/c++/9/bits/stl_vector.h:507:7:[m[K [01;36m[Knote: [m[Kcandidate: ‘[01m[Kstd::vector<_Tp, _Alloc>::vector(std::vector<_Tp, _Alloc>::size_type, const allocator_type&) [with _Tp = Eigen::Matrix<float, 2, 1>; _Alloc = std::allocator<Eigen::Matrix<float, 2, 1> >; std::vector<_Tp, _Alloc>::size_type = long unsigned int; std::vector<_Tp, _Alloc>::allocator_type = std::allocator<Eigen::Matrix<float, 2, 1> >][m[K’
  507 |       [01;36m[Kvector[m[K(size_type __n, const allocator_type& __a = allocator_type())
      |       [01;36m[K^~~~~~[m[K
[01m[K/usr/include/c++/9/bits/stl_vector.h:507:24:[m[K [01;36m[Knote: [m[K  no known conversion for argument 1 from ‘[01m[Kstd::vector<Eigen::Matrix<int, 2, 1> >[m[K’ to ‘[01m[Kstd::vector<Eigen::Matrix<float, 2, 1> >::size_type[m[K’ {aka ‘[01m[Klong unsigned int[m[K’}
  507 |       vector([01;36m[Ksize_type __n[m[K, const allocator_type& __a = allocator_type())
      |              [01;36m[K~~~~~~~~~~^~~[m[K
[01m[K/usr/include/c++/9/bits/stl_vector.h:494:7:[m[K [01;36m[Knote: [m[Kcandidate: ‘[01m[Kstd::vector<_Tp, _Alloc>::vector(const allocator_type&) [with _Tp = Eigen::Matrix<float, 2, 1>; _Alloc = std::allocator<Eigen::Matrix<float, 2, 1> >; std::vector<_Tp, _Alloc>::allocator_type = std::allocator<Eigen::Matrix<float, 2, 1> >][m[K’
  494 |       [01;36m[Kvector[m[K(const allocator_type& __a) _GLIBCXX_NOEXCEPT
      |       [01;36m[K^~~~~~[m[K
[01m[K/usr/include/c++/9/bits/stl_vector.h:494:36:[m[K [01;36m[Knote: [m[K  no known conversion for argument 1 from ‘[01m[Kstd::vector<Eigen::Matrix<int, 2, 1> >[m[K’ to ‘[01m[Kconst allocator_type&[m[K’ {aka ‘[01m[Kconst std::allocator<Eigen::Matrix<float, 2, 1> >&[m[K’}
  494 |       vector([01;36m[Kconst allocator_type& __a[m[K) _GLIBCXX_NOEXCEPT
      |              [01;36m[K~~~~~~~~~~~~~~~~~~~~~~^~~[m[K
[01m[K/usr/include/c++/9/bits/stl_vector.h:484:7:[m[K [01;36m[Knote: [m[Kcandidate: ‘[01m[Kstd::vector<_Tp, _Alloc>::vector() [with _Tp = Eigen::Matrix<float, 2, 1>; _Alloc = std::allocator<Eigen::Matrix<float, 2, 1> >][m[K’
  484 |       [01;36m[Kvector[m[K() = default;
      |       [01;36m[K^~~~~~[m[K
[01m[K/usr/include/c++/9/bits/stl_vector.h:484:7:[m[K [01;36m[Knote: [m[K  candidate expects 0 arguments, 1 provided
make[2]: *** [CMakeFiles/main_node.dir/build.make:63: CMakeFiles/main_node.dir/src/main_node.cpp.o] Error 1
make[1]: *** [CMakeFiles/Makefile2:451: CMakeFiles/main_node.dir/all] Error 2
make: *** [Makefile:141: all] Error 2
